<?xml version="1.0" encoding="UTF-8"?>
<testsuites name="PLMS81 Test Suite 2" time="129.018" tests="2" failures="0" errors="0">
   <testsuite name="PLMS81 Test Suite 2" tests="2" failures="0" errors="0" time="129.018" skipped="0" timestamp="07-02-2025T10:56:54" hostname="hp - DESKTOP-20CTJHV.Optilink" id="Test Suites/PLMS81 Test Suite 2">
      <properties>
         <property name="deviceName" value=""/>
         <property name="devicePlatform"/>
         <property name="logFolder" value="C:\\Users\\hp\\OneDrive - PARADISO\\Documents\\Paradiso Data\\ParadisoPLMS81\\Reports\\20250207_105626\\PLMS81 Test Suite 2\\20250207_105629"/>
         <property name="logFiles" value="C:\\Users\\hp\\OneDrive - PARADISO\\Documents\\Paradiso Data\\ParadisoPLMS81\\Reports\\20250207_105626\\PLMS81 Test Suite 2\\20250207_105629\\execution0.log"/>
         <property name="attachments" value=""/>
         <property name="hostName" value="hp - DESKTOP-20CTJHV.Optilink"/>
         <property name="os" value="Windows 10 64bit"/>
         <property name="katalonVersion" value="10.1.0.223"/>
         <property name="browser" value="Chrome 133.0.6943.59"/>
         <property name="hostAddress" value="192.168.10.8"/>
         <property name="sessionId" value="e9aebc146c8b3c0b8b26b2208ddc6465"/>
         <property name="seleniumVersion" value="4.22.0"/>
         <property name="proxyInformation" value="ProxyInformation { proxyOption=NO_PROXY, proxyServerType=HTTP, username=, password=********, proxyServerAddress=, proxyServerPort=0, executionList=&quot;&quot;, isApplyToDesiredCapabilities=true }"/>
         <property name="platform" value="Windows 10"/>
      </properties>
      <testcase name="Test Cases/PLMS81_LoginPage Test" time="51.924" classname="Test Cases/PLMS81_LoginPage Test" status="PASSED">
         <system-out><![CDATA[07-02-2025T10:56:56 - [TEST_CASE][PASSED] - Test Cases/PLMS81_LoginPage Test: Test Cases/PLMS81_LoginPage Test

07-02-2025T10:56:59 - [TEST_STEP][PASSED] - openBrowser(""): Browser is opened with url: ''

07-02-2025T10:57:02 - [MESSAGE][INFO] - Starting 'Chrome' driver

07-02-2025T10:57:02 - [MESSAGE][INFO] - Action delay is set to 0 milliseconds

07-02-2025T10:57:22 - [MESSAGE][PASSED] - Browser is opened with url: ''

07-02-2025T10:57:22 - [TEST_STEP][PASSED] - maximizeWindow(): Current window maximized

07-02-2025T10:57:22 - [MESSAGE][PASSED] - Current window maximized

07-02-2025T10:57:22 - [TEST_STEP][PASSED] - navigateToUrl("https://plms-php81.paradisolms.net/login/index.php"): Navigate to 'https://plms-php81.paradisolms.net/login/index.php' successfully

07-02-2025T10:57:22 - [MESSAGE][PASSED] - Navigate to 'https://plms-php81.paradisolms.net/login/index.php' successfully

07-02-2025T10:57:23 - [TEST_STEP][PASSED] - setEncryptedText(findTestObject("Object Repository/Page_Paradiso LMS Log in to the site/input_Password_password"), "9NLz+4tGZcQ="): Text ****** has been set on object 'Object Repository/Page_Paradiso LMS Log in to the site/input_Password_password'

07-02-2025T10:57:33 - [MESSAGE][PASSED] - Text ****** has been set on object 'Object Repository/Page_Paradiso LMS Log in to the site/input_Password_password'

07-02-2025T10:57:33 - [TEST_STEP][PASSED] - click(findTestObject("Object Repository/Page_Paradiso LMS Log in to the site/input_Username_username")): Object: 'Object Repository/Page_Paradiso LMS Log in to the site/input_Username_username' is clicked on

07-02-2025T10:57:35 - [MESSAGE][PASSED] - Object: 'Object Repository/Page_Paradiso LMS Log in to the site/input_Username_username' is clicked on

07-02-2025T10:57:35 - [TEST_STEP][PASSED] - click(findTestObject("Object Repository/Page_Paradiso LMS Log in to the site/div_Login Into your account to continue wit_44048b")): Object: 'Object Repository/Page_Paradiso LMS Log in to the site/div_Login Into your account to continue wit_44048b' is clicked on

07-02-2025T10:57:36 - [MESSAGE][PASSED] - Object: 'Object Repository/Page_Paradiso LMS Log in to the site/div_Login Into your account to continue wit_44048b' is clicked on

07-02-2025T10:57:36 - [TEST_STEP][PASSED] - setText(findTestObject("Object Repository/Page_Paradiso LMS Log in to the site/input_Username_username"), "admin"): Text 'admin' is set on object 'Object Repository/Page_Paradiso LMS Log in to the site/input_Username_username'

07-02-2025T10:57:37 - [MESSAGE][PASSED] - Text 'admin' is set on object 'Object Repository/Page_Paradiso LMS Log in to the site/input_Username_username'

07-02-2025T10:57:37 - [TEST_STEP][PASSED] - setEncryptedText(findTestObject("Object Repository/Page_Paradiso LMS Log in to the site/input_Password_password"), "ed/1/AZbo1YX04df+rN1oA=="): Text ****** has been set on object 'Object Repository/Page_Paradiso LMS Log in to the site/input_Password_password'

07-02-2025T10:57:39 - [MESSAGE][PASSED] - Text ****** has been set on object 'Object Repository/Page_Paradiso LMS Log in to the site/input_Password_password'

07-02-2025T10:57:39 - [TEST_STEP][PASSED] - click(findTestObject("Object Repository/Page_Paradiso LMS Log in to the site/input_(ja)_keepmeloggedin")): Object: 'Object Repository/Page_Paradiso LMS Log in to the site/input_(ja)_keepmeloggedin' is clicked on

07-02-2025T10:57:39 - [MESSAGE][PASSED] - Object: 'Object Repository/Page_Paradiso LMS Log in to the site/input_(ja)_keepmeloggedin' is clicked on

07-02-2025T10:57:39 - [TEST_STEP][PASSED] - click(findTestObject("Object Repository/Page_Paradiso LMS Log in to the site/button_Log in")): Object: 'Object Repository/Page_Paradiso LMS Log in to the site/button_Log in' is clicked on

07-02-2025T10:57:48 - [MESSAGE][PASSED] - Object: 'Object Repository/Page_Paradiso LMS Log in to the site/button_Log in' is clicked on]]></system-out>
         <system-err><![CDATA[]]></system-err>
      </testcase>
      <testcase name="Test Cases/Course Creation with Image" time="74.723" classname="Test Cases/Course Creation with Image" status="PASSED">
         <properties>
            <property name="data_binding"><![CDATA[{"(Default) image":"C:\\\\Users\\\\hp\\\\Downloads\\\\MicrosoftTeams.png"}]]></property>
         </properties>
         <system-out><![CDATA[07-02-2025T10:57:48 - [TEST_CASE][PASSED] - Test Cases/Course Creation with Image: Test Cases/Course Creation with Image

07-02-2025T10:57:52 - [TEST_STEP][PASSED] - randomName = randomAlphabetic(8).toLowerCase(): null

07-02-2025T10:57:53 - [TEST_STEP][PASSED] - click(findTestObject("Object Repository/Page_Course and Category Management/span_Courses")): Object: 'Object Repository/Page_Course and Category Management/span_Courses' is clicked on

07-02-2025T10:58:06 - [MESSAGE][PASSED] - Object: 'Object Repository/Page_Course and Category Management/span_Courses' is clicked on

07-02-2025T10:58:06 - [TEST_STEP][PASSED] - click(findTestObject("Page_PLMS Add New Category/i_SOCIAL WALL_fa men men-plms-courses")): Object: 'Object Repository/Page_PLMS Add New Category/i_SOCIAL WALL_fa men men-plms-courses' is clicked on

07-02-2025T10:58:07 - [MESSAGE][PASSED] - Object: 'Object Repository/Page_PLMS Add New Category/i_SOCIAL WALL_fa men men-plms-courses' is clicked on

07-02-2025T10:58:07 - [TEST_STEP][PASSED] - click(findTestObject("Page_PLMS Add New Category/Page_PLMS Course Categories/a_Catalog")): Object: 'Object Repository/Page_PLMS Add New Category/Page_PLMS Course Categories/a_Catalog' is clicked on

07-02-2025T10:58:14 - [MESSAGE][PASSED] - Object: 'Object Repository/Page_PLMS Add New Category/Page_PLMS Course Categories/a_Catalog' is clicked on

07-02-2025T10:58:14 - [TEST_STEP][PASSED] - click(findTestObject("Page_PLMS Course Categories/Page_PLMS Course Categories/button_Add New")): Object: 'Object Repository/Page_PLMS Course Categories/Page_PLMS Course Categories/button_Add New' is clicked on

07-02-2025T10:58:15 - [MESSAGE][PASSED] - Object: 'Object Repository/Page_PLMS Course Categories/Page_PLMS Course Categories/button_Add New' is clicked on

07-02-2025T10:58:15 - [TEST_STEP][PASSED] - click(findTestObject("Page_PLMS Course Categories/a_Course")): Object: 'Object Repository/Page_PLMS Course Categories/a_Course' is clicked on

07-02-2025T10:58:19 - [MESSAGE][PASSED] - Object: 'Object Repository/Page_PLMS Course Categories/a_Course' is clicked on

07-02-2025T10:58:19 - [TEST_STEP][PASSED] - click(findTestObject("Object Repository/Page_PLMS Add a New Course/button_Create")): Object: 'Object Repository/Page_PLMS Add a New Course/button_Create' is clicked on

07-02-2025T10:58:21 - [MESSAGE][PASSED] - Object: 'Object Repository/Page_PLMS Add a New Course/button_Create' is clicked on

07-02-2025T10:58:21 - [TEST_STEP][PASSED] - setText(findTestObject("Object Repository/Page_PLMS Add a New Course/input_Course Name_fullname"), randomName): Text 'aiwangns' is set on object 'Object Repository/Page_PLMS Add a New Course/input_Course Name_fullname'

07-02-2025T10:58:23 - [MESSAGE][PASSED] - Text 'aiwangns' is set on object 'Object Repository/Page_PLMS Add a New Course/input_Course Name_fullname'

07-02-2025T10:58:23 - [TEST_STEP][PASSED] - click(findTestObject("Object Repository/Page_PLMS Add a New Course/li_Next")): Object: 'Object Repository/Page_PLMS Add a New Course/li_Next' is clicked on

07-02-2025T10:58:25 - [MESSAGE][PASSED] - Object: 'Object Repository/Page_PLMS Add a New Course/li_Next' is clicked on

07-02-2025T10:58:25 - [TEST_STEP][PASSED] - delay(10): Delayed 10 second(s)

07-02-2025T10:58:35 - [MESSAGE][PASSED] - Delayed 10 second(s)

07-02-2025T10:58:35 - [TEST_STEP][PASSED] - waitForPageLoad(5): Wait for page load successfully

07-02-2025T10:58:36 - [MESSAGE][PASSED] - Wait for page load successfully

07-02-2025T10:58:36 - [TEST_STEP][PASSED] - click(findTestObject("Page_PLMS Add a New Course/Page_PLMS Add a New Course/button_Upload")): Object: 'Object Repository/Page_PLMS Add a New Course/Page_PLMS Add a New Course/button_Upload' is clicked on

07-02-2025T10:58:38 - [MESSAGE][PASSED] - Object: 'Object Repository/Page_PLMS Add a New Course/Page_PLMS Add a New Course/button_Upload' is clicked on

07-02-2025T10:58:38 - [TEST_STEP][PASSED] - uploadFile(findTestObject("Page_PLMS Add a New Course/Page_PLMS Add a New Course/input_Attachment_repo_upload_file"), image): File 'C:\\Users\\hp\\Downloads\\MicrosoftTeams.png' sent to object: 'Object Repository/Page_PLMS Add a New Course/Page_PLMS Add a New Course/input_Attachment_repo_upload_file'

07-02-2025T10:58:38 - [MESSAGE][PASSED] - File 'C:\\Users\\hp\\Downloads\\MicrosoftTeams.png' sent to object: 'Object Repository/Page_PLMS Add a New Course/Page_PLMS Add a New Course/input_Attachment_repo_upload_file'

07-02-2025T10:58:38 - [TEST_STEP][PASSED] - click(findTestObject("Page_PLMS Add a New Course/Page_PLMS Add a New Course/button_Upload")): Object: 'Object Repository/Page_PLMS Add a New Course/Page_PLMS Add a New Course/button_Upload' is clicked on

07-02-2025T10:58:39 - [MESSAGE][PASSED] - Object: 'Object Repository/Page_PLMS Add a New Course/Page_PLMS Add a New Course/button_Upload' is clicked on

07-02-2025T10:58:39 - [TEST_STEP][PASSED] - delay(7): Delayed 7 second(s)

07-02-2025T10:58:46 - [MESSAGE][PASSED] - Delayed 7 second(s)

07-02-2025T10:58:46 - [TEST_STEP][PASSED] - click(findTestObject("Object Repository/Page_PLMS Add a New Course/input_Previous_saveanddisplay")): Object: 'Object Repository/Page_PLMS Add a New Course/input_Previous_saveanddisplay' is clicked on

07-02-2025T10:58:47 - [MESSAGE][PASSED] - Object: 'Object Repository/Page_PLMS Add a New Course/input_Previous_saveanddisplay' is clicked on

07-02-2025T10:58:47 - [TEST_STEP][PASSED] - click(findTestObject("Page_PLMS Add a New Course/Page_Course bottelneck 2026 category new cat 0309/a_Skip to main content_yui_3_17_2_1_1738139221172_99")): Object: 'Object Repository/Page_PLMS Add a New Course/Page_Course bottelneck 2026 category new cat 0309/a_Skip to main content_yui_3_17_2_1_1738139221172_99' is clicked on

07-02-2025T10:58:58 - [MESSAGE][PASSED] - Object: 'Object Repository/Page_PLMS Add a New Course/Page_Course bottelneck 2026 category new cat 0309/a_Skip to main content_yui_3_17_2_1_1738139221172_99' is clicked on

07-02-2025T10:58:58 - [TEST_STEP][PASSED] - navigateToUrl("https://plms-php81.paradisolms.net/course/"): Navigate to 'https://plms-php81.paradisolms.net/course/' successfully

07-02-2025T10:59:01 - [MESSAGE][PASSED] - Navigate to 'https://plms-php81.paradisolms.net/course/' successfully

07-02-2025T10:59:01 - [TEST_STEP][PASSED] - click(findTestObject("Object Repository/Page_PLMS Course Categories/input_ygsgixns_form-control course_search")): Object: 'Object Repository/Page_PLMS Course Categories/input_ygsgixns_form-control course_search' is clicked on

07-02-2025T10:59:02 - [MESSAGE][PASSED] - Object: 'Object Repository/Page_PLMS Course Categories/input_ygsgixns_form-control course_search' is clicked on

07-02-2025T10:59:02 - [TEST_STEP][PASSED] - setText(findTestObject("Object Repository/Page_PLMS Course Categories/input_ygsgixns_yui_3_17_2_1_1737526113553_41"), randomName): Text 'aiwangns' is set on object 'Object Repository/Page_PLMS Course Categories/input_ygsgixns_yui_3_17_2_1_1737526113553_41'

07-02-2025T10:59:03 - [MESSAGE][PASSED] - Text 'aiwangns' is set on object 'Object Repository/Page_PLMS Course Categories/input_ygsgixns_yui_3_17_2_1_1737526113553_41'

07-02-2025T10:59:03 - [TEST_STEP][PASSED] - waitForPageLoad(5): Wait for page load successfully

07-02-2025T10:59:03 - [MESSAGE][PASSED] - Wait for page load successfully]]></system-out>
         <system-err><![CDATA[]]></system-err>
      </testcase>
      <system-out><![CDATA[07-02-2025T10:56:54 - [TEST_SUITE][PASSED] - PLMS81 Test Suite 2: Test Cases/Course Creation with Image]]></system-out>
      <system-err><![CDATA[]]></system-err>
   </testsuite>
</testsuites>
